<?xml version="1.0" encoding="UTF-8"?>
<testsuite name="validation.PrependingZeroesValidationTest" tests="5" skipped="0" failures="0" errors="0" timestamp="2022-06-03T12:57:30" hostname="Utkashs-MacBook-Pro.local" time="0.055">
  <properties/>
  <testcase name="shouldPerformPrependingZeroesCheckWithNoErrors()" classname="validation.PrependingZeroesValidationTest" time="0.016"/>
  <testcase name="shouldFalseTrueIfValueDoesNotHavePrependingZeroes()" classname="validation.PrependingZeroesValidationTest" time="0.001"/>
  <testcase name="shouldReturnTrueForPrependingZeroesValues()" classname="validation.PrependingZeroesValidationTest" time="0.0"/>
  <testcase name="shouldPerformPrependingZeroesCheckWithMultipleErrors()" classname="validation.PrependingZeroesValidationTest" time="0.025"/>
  <testcase name="shouldPerformPrependingZeroesCheck()" classname="validation.PrependingZeroesValidationTest" time="0.012"/>
  <system-out><![CDATA[]]></system-out>
  <system-err><![CDATA[]]></system-err>
</testsuite>
