<?xml version="1.0" encoding="UTF-8"?>
<testsuite name="routeHandler.RouteHandlerTest" tests="1" skipped="0" failures="0" errors="0" timestamp="2022-06-03T12:57:30" hostname="Utkashs-MacBook-Pro.local" time="0.006">
  <properties/>
  <testcase name="shouldBeAbleToReturnPageNotFoundResponse()" classname="routeHandler.RouteHandlerTest" time="0.006"/>
  <system-out><![CDATA[18:27:30.311 [Test worker] DEBUG io.mockk.impl.instantiation.AbstractMockFactory - Creating mockk for Socket name=#4
18:27:30.314 [Test worker] DEBUG io.mockk.impl.instantiation.AbstractMockFactory - Creating mockk for OutputStream name=child of #4#5
18:27:30.315 [Test worker] DEBUG io.mockk.impl.instantiation.AbstractMockFactory - Creating mockk for InputStream name=child of #4#6
18:27:30.316 [Test worker] DEBUG io.mockk.impl.recording.states.AnsweringState - Answering java.io.ByteArrayInputStream@6115846e on Socket(#4).getInputStream()
]]></system-out>
  <system-err><![CDATA[]]></system-err>
</testsuite>
