<?xml version="1.0" encoding="UTF-8"?>
<testsuite name="database.DatabaseOperationsTest" tests="8" skipped="0" failures="0" errors="0" timestamp="2022-06-03T12:57:28" hostname="Utkashs-MacBook-Pro.local" time="0.676">
  <properties/>
  <testcase name="shouldBeAbleToGetConfigNamesFromTheDatabase()" classname="database.DatabaseOperationsTest" time="0.538"/>
  <testcase name="shouldBeAbleToReadConfigDataFromDatabase()" classname="database.DatabaseOperationsTest" time="0.068"/>
  <testcase name="shouldBeAbleToReturnTrueIfConfigNameIsPresentInTheDatabase()" classname="database.DatabaseOperationsTest" time="0.01"/>
  <testcase name="shouldNotBeAbleToAddTheFieldsInTheDatabase()" classname="database.DatabaseOperationsTest" time="0.014"/>
  <testcase name="shouldBeAbleToAddTheDateTimeFieldsInTheDatabase()" classname="database.DatabaseOperationsTest" time="0.011"/>
  <testcase name="shouldBeAbleToReturnFalseIfConfigNameIsPresentInTheDatabase()" classname="database.DatabaseOperationsTest" time="0.008"/>
  <testcase name="shouldBeAbleToAddTheFieldsInTheDatabase()" classname="database.DatabaseOperationsTest" time="0.011"/>
  <testcase name="shouldBeAbleToAddTheLengthFieldInTheDatabase()" classname="database.DatabaseOperationsTest" time="0.014"/>
  <system-out><![CDATA[]]></system-out>
  <system-err><![CDATA[]]></system-err>
</testsuite>
